[0.109s] DEBUG:colcon:Command line arguments: ['/usr/bin/colcon', 'build']
[0.109s] DEBUG:colcon:Parsed command line arguments: Namespace(log_base=None, log_level=None, verb_name='build', build_base='build', install_base='install', merge_install=False, symlink_install=False, test_result_base=None, continue_on_error=False, executor='parallel', parallel_workers=28, event_handlers=None, ignore_user_meta=False, metas=['./colcon.meta'], base_paths=['.'], packages_ignore=None, packages_ignore_regex=None, paths=None, packages_up_to=None, packages_up_to_regex=None, packages_above=None, packages_above_and_dependencies=None, packages_above_depth=None, packages_select_by_dep=None, packages_skip_by_dep=None, packages_skip_up_to=None, packages_select_build_failed=False, packages_skip_build_finished=False, packages_select_test_failures=False, packages_skip_test_passed=False, packages_select=None, packages_skip=None, packages_select_regex=None, packages_skip_regex=None, packages_start=None, packages_end=None, allow_overriding=[], cmake_args=None, cmake_target=None, cmake_target_skip_unavailable=False, cmake_clean_cache=False, cmake_clean_first=False, cmake_force_configure=False, ament_cmake_args=None, catkin_cmake_args=None, catkin_skip_building_tests=False, verb_parser=<colcon_defaults.argument_parser.defaults.DefaultArgumentsDecorator object at 0x7fc1b3f82600>, verb_extension=<colcon_core.verb.build.BuildVerb object at 0x7fc1b40ab1d0>, main=<bound method BuildVerb.main of <colcon_core.verb.build.BuildVerb object at 0x7fc1b40ab1d0>>)
[0.152s] Level 1:colcon.colcon_core.package_discovery:discover_packages(colcon_meta) check parameters
[0.152s] Level 1:colcon.colcon_core.package_discovery:discover_packages(recursive) check parameters
[0.152s] Level 1:colcon.colcon_core.package_discovery:discover_packages(ignore) check parameters
[0.152s] Level 1:colcon.colcon_core.package_discovery:discover_packages(path) check parameters
[0.152s] Level 1:colcon.colcon_core.package_discovery:discover_packages(colcon_meta) discover
[0.152s] Level 1:colcon.colcon_core.package_discovery:discover_packages(recursive) discover
[0.152s] INFO:colcon.colcon_core.package_discovery:Crawling recursively for packages in '/home/origin/第二题'
[0.152s] Level 1:colcon.colcon_core.package_identification:_identify(.) by extensions ['ignore', 'ignore_ament_install']
[0.152s] Level 1:colcon.colcon_core.package_identification:_identify(.) by extension 'ignore'
[0.152s] Level 1:colcon.colcon_core.package_identification:_identify(.) by extension 'ignore_ament_install'
[0.152s] Level 1:colcon.colcon_core.package_identification:_identify(.) by extensions ['colcon_pkg']
[0.152s] Level 1:colcon.colcon_core.package_identification:_identify(.) by extension 'colcon_pkg'
[0.152s] Level 1:colcon.colcon_core.package_identification:_identify(.) by extensions ['colcon_meta']
[0.152s] Level 1:colcon.colcon_core.package_identification:_identify(.) by extension 'colcon_meta'
[0.152s] Level 1:colcon.colcon_core.package_identification:_identify(.) by extensions ['ros']
[0.152s] Level 1:colcon.colcon_core.package_identification:_identify(.) by extension 'ros'
[0.182s] Level 1:colcon.colcon_core.package_identification:_identify(.) by extensions ['cmake', 'python']
[0.182s] Level 1:colcon.colcon_core.package_identification:_identify(.) by extension 'cmake'
[0.182s] Level 1:colcon.colcon_core.package_identification:_identify(.) by extension 'python'
[0.182s] Level 1:colcon.colcon_core.package_identification:_identify(.) by extensions ['python_setup_py']
[0.182s] Level 1:colcon.colcon_core.package_identification:_identify(.) by extension 'python_setup_py'
[0.182s] Level 1:colcon.colcon_core.package_identification:_identify(build) by extensions ['ignore', 'ignore_ament_install']
[0.182s] Level 1:colcon.colcon_core.package_identification:_identify(build) by extension 'ignore'
[0.182s] Level 1:colcon.colcon_core.package_identification:_identify(build) ignored
[0.182s] Level 1:colcon.colcon_core.package_identification:_identify(install) by extensions ['ignore', 'ignore_ament_install']
[0.183s] Level 1:colcon.colcon_core.package_identification:_identify(install) by extension 'ignore'
[0.183s] Level 1:colcon.colcon_core.package_identification:_identify(install) ignored
[0.183s] Level 1:colcon.colcon_core.package_identification:_identify(log) by extensions ['ignore', 'ignore_ament_install']
[0.183s] Level 1:colcon.colcon_core.package_identification:_identify(log) by extension 'ignore'
[0.183s] Level 1:colcon.colcon_core.package_identification:_identify(log) ignored
[0.183s] Level 1:colcon.colcon_core.package_identification:_identify(scr) by extensions ['ignore', 'ignore_ament_install']
[0.183s] Level 1:colcon.colcon_core.package_identification:_identify(scr) by extension 'ignore'
[0.183s] Level 1:colcon.colcon_core.package_identification:_identify(scr) by extension 'ignore_ament_install'
[0.183s] Level 1:colcon.colcon_core.package_identification:_identify(scr) by extensions ['colcon_pkg']
[0.183s] Level 1:colcon.colcon_core.package_identification:_identify(scr) by extension 'colcon_pkg'
[0.183s] Level 1:colcon.colcon_core.package_identification:_identify(scr) by extensions ['colcon_meta']
[0.183s] Level 1:colcon.colcon_core.package_identification:_identify(scr) by extension 'colcon_meta'
[0.183s] Level 1:colcon.colcon_core.package_identification:_identify(scr) by extensions ['ros']
[0.183s] Level 1:colcon.colcon_core.package_identification:_identify(scr) by extension 'ros'
[0.183s] Level 1:colcon.colcon_core.package_identification:_identify(scr) by extensions ['cmake', 'python']
[0.183s] Level 1:colcon.colcon_core.package_identification:_identify(scr) by extension 'cmake'
[0.183s] Level 1:colcon.colcon_core.package_identification:_identify(scr) by extension 'python'
[0.183s] Level 1:colcon.colcon_core.package_identification:_identify(scr) by extensions ['python_setup_py']
[0.183s] Level 1:colcon.colcon_core.package_identification:_identify(scr) by extension 'python_setup_py'
[0.183s] Level 1:colcon.colcon_core.package_identification:_identify(scr/packageForSecondQuestion) by extensions ['ignore', 'ignore_ament_install']
[0.184s] Level 1:colcon.colcon_core.package_identification:_identify(scr/packageForSecondQuestion) by extension 'ignore'
[0.184s] Level 1:colcon.colcon_core.package_identification:_identify(scr/packageForSecondQuestion) by extension 'ignore_ament_install'
[0.184s] Level 1:colcon.colcon_core.package_identification:_identify(scr/packageForSecondQuestion) by extensions ['colcon_pkg']
[0.184s] Level 1:colcon.colcon_core.package_identification:_identify(scr/packageForSecondQuestion) by extension 'colcon_pkg'
[0.184s] Level 1:colcon.colcon_core.package_identification:_identify(scr/packageForSecondQuestion) by extensions ['colcon_meta']
[0.184s] Level 1:colcon.colcon_core.package_identification:_identify(scr/packageForSecondQuestion) by extension 'colcon_meta'
[0.184s] Level 1:colcon.colcon_core.package_identification:_identify(scr/packageForSecondQuestion) by extensions ['ros']
[0.184s] Level 1:colcon.colcon_core.package_identification:_identify(scr/packageForSecondQuestion) by extension 'ros'
[0.186s] DEBUG:colcon.colcon_core.package_identification:Package 'scr/packageForSecondQuestion' with type 'ros.ament_python' and name 'packageForSecondQuestion'
[0.186s] Level 1:colcon.colcon_core.package_discovery:discover_packages(recursive) using defaults
[0.186s] Level 1:colcon.colcon_core.package_discovery:discover_packages(ignore) discover
[0.186s] Level 1:colcon.colcon_core.package_discovery:discover_packages(ignore) using defaults
[0.186s] Level 1:colcon.colcon_core.package_discovery:discover_packages(path) discover
[0.186s] Level 1:colcon.colcon_core.package_discovery:discover_packages(path) using defaults
[0.208s] Level 1:colcon.colcon_core.package_discovery:discover_packages(prefix_path) check parameters
[0.208s] Level 1:colcon.colcon_core.package_discovery:discover_packages(prefix_path) discover
[0.210s] DEBUG:colcon.colcon_installed_package_information.package_discovery:Found 21 installed packages in /home/origin/ros22/install
[0.212s] DEBUG:colcon.colcon_installed_package_information.package_discovery:Found 285 installed packages in /opt/ros/jazzy
[0.213s] Level 1:colcon.colcon_core.package_discovery:discover_packages(prefix_path) using defaults
[0.254s] Level 5:colcon.colcon_core.verb:set package 'packageForSecondQuestion' build argument 'cmake_args' from command line to 'None'
[0.254s] Level 5:colcon.colcon_core.verb:set package 'packageForSecondQuestion' build argument 'cmake_target' from command line to 'None'
[0.254s] Level 5:colcon.colcon_core.verb:set package 'packageForSecondQuestion' build argument 'cmake_target_skip_unavailable' from command line to 'False'
[0.254s] Level 5:colcon.colcon_core.verb:set package 'packageForSecondQuestion' build argument 'cmake_clean_cache' from command line to 'False'
[0.254s] Level 5:colcon.colcon_core.verb:set package 'packageForSecondQuestion' build argument 'cmake_clean_first' from command line to 'False'
[0.254s] Level 5:colcon.colcon_core.verb:set package 'packageForSecondQuestion' build argument 'cmake_force_configure' from command line to 'False'
[0.254s] Level 5:colcon.colcon_core.verb:set package 'packageForSecondQuestion' build argument 'ament_cmake_args' from command line to 'None'
[0.254s] Level 5:colcon.colcon_core.verb:set package 'packageForSecondQuestion' build argument 'catkin_cmake_args' from command line to 'None'
[0.254s] Level 5:colcon.colcon_core.verb:set package 'packageForSecondQuestion' build argument 'catkin_skip_building_tests' from command line to 'False'
[0.254s] DEBUG:colcon.colcon_core.verb:Building package 'packageForSecondQuestion' with the following arguments: {'ament_cmake_args': None, 'build_base': '/home/origin/第二题/build/packageForSecondQuestion', 'catkin_cmake_args': None, 'catkin_skip_building_tests': False, 'cmake_args': None, 'cmake_clean_cache': False, 'cmake_clean_first': False, 'cmake_force_configure': False, 'cmake_target': None, 'cmake_target_skip_unavailable': False, 'install_base': '/home/origin/第二题/install/packageForSecondQuestion', 'merge_install': False, 'path': '/home/origin/第二题/scr/packageForSecondQuestion', 'symlink_install': False, 'test_result_base': None}
[0.254s] INFO:colcon.colcon_core.executor:Executing jobs using 'parallel' executor
[0.256s] DEBUG:colcon.colcon_parallel_executor.executor.parallel:run_until_complete
[0.256s] INFO:colcon.colcon_ros.task.ament_python.build:Building ROS package in '/home/origin/第二题/scr/packageForSecondQuestion' with build type 'ament_python'
[0.256s] Level 1:colcon.colcon_core.shell:create_environment_hook('packageForSecondQuestion', 'ament_prefix_path')
[0.258s] INFO:colcon.colcon_core.plugin_system:Skipping extension 'colcon_core.shell.bat': Not used on non-Windows systems
[0.258s] INFO:colcon.colcon_core.shell:Creating environment hook '/home/origin/第二题/install/packageForSecondQuestion/share/packageForSecondQuestion/hook/ament_prefix_path.ps1'
[0.259s] INFO:colcon.colcon_core.shell:Creating environment descriptor '/home/origin/第二题/install/packageForSecondQuestion/share/packageForSecondQuestion/hook/ament_prefix_path.dsv'
[0.259s] INFO:colcon.colcon_core.shell:Creating environment hook '/home/origin/第二题/install/packageForSecondQuestion/share/packageForSecondQuestion/hook/ament_prefix_path.sh'
[0.260s] INFO:colcon.colcon_core.shell:Skip shell extension 'powershell' for command environment: Not usable outside of PowerShell
[0.260s] DEBUG:colcon.colcon_core.shell:Skip shell extension 'dsv' for command environment
[0.497s] INFO:colcon.colcon_core.task.python.build:Building Python package in '/home/origin/第二题/scr/packageForSecondQuestion'
[0.497s] INFO:colcon.colcon_core.shell:Skip shell extension 'powershell' for command environment: Not usable outside of PowerShell
[0.497s] DEBUG:colcon.colcon_core.shell:Skip shell extension 'dsv' for command environment
[1.097s] DEBUG:colcon.colcon_core.event_handler.log_command:Invoking command in '/home/origin/第二题/scr/packageForSecondQuestion': DEBUGINFOD_URLS=https://debuginfod.ubuntu.com PYTHONPATH=/home/origin/第二题/build/packageForSecondQuestion/prefix_override:/usr/lib/python3/dist-packages/colcon_core/task/python/colcon_distutils_commands:/home/origin/第二题/install/packageForSecondQuestion/lib/python3.12/site-packages:${PYTHONPATH} /usr/bin/python3 -W ignore:setup.py install is deprecated -W ignore:easy_install command is deprecated setup.py egg_info --egg-base ../../build/packageForSecondQuestion build --build-base /home/origin/第二题/build/packageForSecondQuestion/build install --record /home/origin/第二题/build/packageForSecondQuestion/install.log --single-version-externally-managed install_data
[1.654s] DEBUG:colcon.colcon_core.event_handler.log_command:Invoked command in '/home/origin/第二题/scr/packageForSecondQuestion' returned '0': DEBUGINFOD_URLS=https://debuginfod.ubuntu.com PYTHONPATH=/home/origin/第二题/build/packageForSecondQuestion/prefix_override:/usr/lib/python3/dist-packages/colcon_core/task/python/colcon_distutils_commands:/home/origin/第二题/install/packageForSecondQuestion/lib/python3.12/site-packages:${PYTHONPATH} /usr/bin/python3 -W ignore:setup.py install is deprecated -W ignore:easy_install command is deprecated setup.py egg_info --egg-base ../../build/packageForSecondQuestion build --build-base /home/origin/第二题/build/packageForSecondQuestion/build install --record /home/origin/第二题/build/packageForSecondQuestion/install.log --single-version-externally-managed install_data
[1.656s] Level 1:colcon.colcon_core.environment:checking '/home/origin/第二题/install/packageForSecondQuestion' for CMake module files
[1.656s] Level 1:colcon.colcon_core.environment:checking '/home/origin/第二题/install/packageForSecondQuestion' for CMake config files
[1.657s] Level 1:colcon.colcon_core.environment:checking '/home/origin/第二题/install/packageForSecondQuestion/lib'
[1.657s] Level 1:colcon.colcon_core.environment:checking '/home/origin/第二题/install/packageForSecondQuestion/bin'
[1.657s] Level 1:colcon.colcon_core.environment:checking '/home/origin/第二题/install/packageForSecondQuestion/lib/pkgconfig/packageForSecondQuestion.pc'
[1.658s] Level 1:colcon.colcon_core.environment:checking '/home/origin/第二题/install/packageForSecondQuestion/lib/python3.12/site-packages'
[1.658s] Level 1:colcon.colcon_core.shell:create_environment_hook('packageForSecondQuestion', 'pythonpath')
[1.658s] INFO:colcon.colcon_core.shell:Creating environment hook '/home/origin/第二题/install/packageForSecondQuestion/share/packageForSecondQuestion/hook/pythonpath.ps1'
[1.658s] INFO:colcon.colcon_core.shell:Creating environment descriptor '/home/origin/第二题/install/packageForSecondQuestion/share/packageForSecondQuestion/hook/pythonpath.dsv'
[1.659s] INFO:colcon.colcon_core.shell:Creating environment hook '/home/origin/第二题/install/packageForSecondQuestion/share/packageForSecondQuestion/hook/pythonpath.sh'
[1.659s] Level 1:colcon.colcon_core.environment:checking '/home/origin/第二题/install/packageForSecondQuestion/bin'
[1.659s] Level 1:colcon.colcon_core.environment:create_environment_scripts_only(packageForSecondQuestion)
[1.659s] INFO:colcon.colcon_core.shell:Creating package script '/home/origin/第二题/install/packageForSecondQuestion/share/packageForSecondQuestion/package.ps1'
[1.660s] INFO:colcon.colcon_core.shell:Creating package descriptor '/home/origin/第二题/install/packageForSecondQuestion/share/packageForSecondQuestion/package.dsv'
[1.661s] INFO:colcon.colcon_core.shell:Creating package script '/home/origin/第二题/install/packageForSecondQuestion/share/packageForSecondQuestion/package.sh'
[1.662s] INFO:colcon.colcon_core.shell:Creating package script '/home/origin/第二题/install/packageForSecondQuestion/share/packageForSecondQuestion/package.bash'
[1.662s] INFO:colcon.colcon_core.shell:Creating package script '/home/origin/第二题/install/packageForSecondQuestion/share/packageForSecondQuestion/package.zsh'
[1.663s] Level 1:colcon.colcon_core.environment:create_file_with_runtime_dependencies(/home/origin/第二题/install/packageForSecondQuestion/share/colcon-core/packages/packageForSecondQuestion)
[1.663s] DEBUG:colcon.colcon_parallel_executor.executor.parallel:closing loop
[1.663s] DEBUG:colcon.colcon_parallel_executor.executor.parallel:loop closed
[1.663s] DEBUG:colcon.colcon_parallel_executor.executor.parallel:run_until_complete finished with '0'
[1.663s] DEBUG:colcon.colcon_core.event_reactor:joining thread
[1.670s] INFO:colcon.colcon_core.plugin_system:Skipping extension 'colcon_notification.desktop_notification.terminal_notifier': Not used on non-Darwin systems
[1.670s] INFO:colcon.colcon_core.plugin_system:Skipping extension 'colcon_notification.desktop_notification.win32': Not used on non-Windows systems
[1.670s] INFO:colcon.colcon_notification.desktop_notification:Sending desktop notification using 'notify2'
[1.695s] DEBUG:colcon.colcon_core.event_reactor:joined thread
[1.695s] INFO:colcon.colcon_core.shell:Creating prefix script '/home/origin/第二题/install/local_setup.ps1'
[1.696s] INFO:colcon.colcon_core.shell:Creating prefix util module '/home/origin/第二题/install/_local_setup_util_ps1.py'
[1.698s] INFO:colcon.colcon_core.shell:Creating prefix chain script '/home/origin/第二题/install/setup.ps1'
[1.699s] INFO:colcon.colcon_core.shell:Creating prefix script '/home/origin/第二题/install/local_setup.sh'
[1.699s] INFO:colcon.colcon_core.shell:Creating prefix util module '/home/origin/第二题/install/_local_setup_util_sh.py'
[1.700s] INFO:colcon.colcon_core.shell:Creating prefix chain script '/home/origin/第二题/install/setup.sh'
[1.702s] INFO:colcon.colcon_core.shell:Creating prefix script '/home/origin/第二题/install/local_setup.bash'
[1.702s] INFO:colcon.colcon_core.shell:Creating prefix chain script '/home/origin/第二题/install/setup.bash'
[1.704s] INFO:colcon.colcon_core.shell:Creating prefix script '/home/origin/第二题/install/local_setup.zsh'
[1.705s] INFO:colcon.colcon_core.shell:Creating prefix chain script '/home/origin/第二题/install/setup.zsh'
